<?xml version="1.0" encoding="UTF-8"?>
<coverage generated="1760400104474" clover="3.2.0">
  <project timestamp="1760400104474" name="All files">
    <metrics statements="19" coveredstatements="19" conditionals="22" coveredconditionals="22" methods="3" coveredmethods="3" elements="44" coveredelements="44" complexity="0" loc="19" ncloc="19" packages="1" files="1" classes="1"/>
    <file name="Produto.js" path="C:\Dev\Engenharia de Software\ESW-fullstack\backend\src\produto\Produto.js">
      <metrics statements="19" coveredstatements="19" conditionals="22" coveredconditionals="22" methods="3" coveredmethods="3"/>
      <line num="4" count="14" type="cond" truecount="4" falsecount="0"/>
      <line num="5" count="2" type="stmt"/>
      <line num="7" count="12" type="cond" truecount="4" falsecount="0"/>
      <line num="8" count="2" type="stmt"/>
      <line num="10" count="10" type="cond" truecount="4" falsecount="0"/>
      <line num="11" count="2" type="stmt"/>
      <line num="14" count="8" type="stmt"/>
      <line num="15" count="8" type="stmt"/>
      <line num="16" count="8" type="stmt"/>
      <line num="17" count="8" type="stmt"/>
      <line num="21" count="3" type="cond" truecount="4" falsecount="0"/>
      <line num="22" count="2" type="stmt"/>
      <line num="25" count="1" type="stmt"/>
      <line num="29" count="4" type="cond" truecount="4" falsecount="0"/>
      <line num="30" count="2" type="stmt"/>
      <line num="32" count="2" type="cond" truecount="2" falsecount="0"/>
      <line num="33" count="1" type="stmt"/>
      <line num="36" count="1" type="stmt"/>
      <line num="40" count="1" type="stmt"/>
    </file>
  </project>
</coverage>
