{"C:\\Dev\\Engenharia de Software\\ESW-fullstack\\backend\\src\\produto\\Produto.js": {"path":"C:\\Dev\\Engenharia de Software\\ESW-fullstack\\backend\\src\\produto\\Produto.js","statementMap":{"0":{"start":{"line":4,"column":8},"end":{"line":6,"column":9}},"1":{"start":{"line":5,"column":12},"end":{"line":5,"column":45}},"2":{"start":{"line":7,"column":8},"end":{"line":9,"column":9}},"3":{"start":{"line":8,"column":12},"end":{"line":8,"column":46}},"4":{"start":{"line":10,"column":8},"end":{"line":12,"column":9}},"5":{"start":{"line":11,"column":12},"end":{"line":11,"column":48}},"6":{"start":{"line":14,"column":8},"end":{"line":14,"column":25}},"7":{"start":{"line":15,"column":8},"end":{"line":15,"column":35}},"8":{"start":{"line":16,"column":8},"end":{"line":16,"column":27}},"9":{"start":{"line":17,"column":8},"end":{"line":17,"column":31}},"10":{"start":{"line":21,"column":8},"end":{"line":23,"column":9}},"11":{"start":{"line":22,"column":12},"end":{"line":22,"column":73}},"12":{"start":{"line":25,"column":8},"end":{"line":25,"column":28}},"13":{"start":{"line":29,"column":8},"end":{"line":31,"column":9}},"14":{"start":{"line":30,"column":12},"end":{"line":30,"column":73}},"15":{"start":{"line":32,"column":8},"end":{"line":34,"column":9}},"16":{"start":{"line":33,"column":12},"end":{"line":33,"column":52}},"17":{"start":{"line":36,"column":8},"end":{"line":36,"column":28}},"18":{"start":{"line":40,"column":0},"end":{"line":40,"column":25}}},"fnMap":{"0":{"name":"(anonymous_0)","decl":{"start":{"line":2,"column":4},"end":{"line":2,"column":5}},"loc":{"start":{"line":2,"column":48},"end":{"line":18,"column":5}},"line":2},"1":{"name":"(anonymous_1)","decl":{"start":{"line":20,"column":4},"end":{"line":20,"column":5}},"loc":{"start":{"line":20,"column":24},"end":{"line":26,"column":5}},"line":20},"2":{"name":"(anonymous_2)","decl":{"start":{"line":28,"column":4},"end":{"line":28,"column":5}},"loc":{"start":{"line":28,"column":24},"end":{"line":37,"column":5}},"line":28}},"branchMap":{"0":{"loc":{"start":{"line":4,"column":8},"end":{"line":6,"column":9}},"type":"if","locations":[{"start":{"line":4,"column":8},"end":{"line":6,"column":9}},{"start":{},"end":{}}],"line":4},"1":{"loc":{"start":{"line":4,"column":11},"end":{"line":4,"column":44}},"type":"binary-expr","locations":[{"start":{"line":4,"column":11},"end":{"line":4,"column":16}},{"start":{"line":4,"column":20},"end":{"line":4,"column":44}}],"line":4},"2":{"loc":{"start":{"line":7,"column":8},"end":{"line":9,"column":9}},"type":"if","locations":[{"start":{"line":7,"column":8},"end":{"line":9,"column":9}},{"start":{},"end":{}}],"line":7},"3":{"loc":{"start":{"line":7,"column":11},"end":{"line":7,"column":49}},"type":"binary-expr","locations":[{"start":{"line":7,"column":11},"end":{"line":7,"column":36}},{"start":{"line":7,"column":40},"end":{"line":7,"column":49}}],"line":7},"4":{"loc":{"start":{"line":10,"column":8},"end":{"line":12,"column":9}},"type":"if","locations":[{"start":{"line":10,"column":8},"end":{"line":12,"column":9}},{"start":{},"end":{}}],"line":10},"5":{"loc":{"start":{"line":10,"column":11},"end":{"line":10,"column":52}},"type":"binary-expr","locations":[{"start":{"line":10,"column":11},"end":{"line":10,"column":37}},{"start":{"line":10,"column":41},"end":{"line":10,"column":52}}],"line":10},"6":{"loc":{"start":{"line":21,"column":8},"end":{"line":23,"column":9}},"type":"if","locations":[{"start":{"line":21,"column":8},"end":{"line":23,"column":9}},{"start":{},"end":{}}],"line":21},"7":{"loc":{"start":{"line":21,"column":11},"end":{"line":21,"column":45}},"type":"binary-expr","locations":[{"start":{"line":21,"column":11},"end":{"line":21,"column":33}},{"start":{"line":21,"column":37},"end":{"line":21,"column":45}}],"line":21},"8":{"loc":{"start":{"line":29,"column":8},"end":{"line":31,"column":9}},"type":"if","locations":[{"start":{"line":29,"column":8},"end":{"line":31,"column":9}},{"start":{},"end":{}}],"line":29},"9":{"loc":{"start":{"line":29,"column":11},"end":{"line":29,"column":45}},"type":"binary-expr","locations":[{"start":{"line":29,"column":11},"end":{"line":29,"column":33}},{"start":{"line":29,"column":37},"end":{"line":29,"column":45}}],"line":29},"10":{"loc":{"start":{"line":32,"column":8},"end":{"line":34,"column":9}},"type":"if","locations":[{"start":{"line":32,"column":8},"end":{"line":34,"column":9}},{"start":{},"end":{}}],"line":32}},"s":{"0":14,"1":2,"2":12,"3":2,"4":10,"5":2,"6":8,"7":8,"8":8,"9":8,"10":3,"11":2,"12":1,"13":4,"14":2,"15":2,"16":1,"17":1,"18":1},"f":{"0":14,"1":3,"2":4},"b":{"0":[2,12],"1":[14,13],"2":[2,10],"3":[12,11],"4":[2,8],"5":[10,9],"6":[2,1],"7":[3,2],"8":[2,2],"9":[4,3],"10":[1,1]},"_coverageSchema":"1a1c01bbd47fc00a2c39e90264f33305004495a9","hash":"bad2b554f59f814f1480f6b81ec6c56b9a496223"}
}
