TN:
SF:src\produto\Produto.js
FN:2,(anonymous_0)
FN:20,(anonymous_1)
FN:28,(anonymous_2)
FNF:3
FNH:3
FNDA:14,(anonymous_0)
FNDA:3,(anonymous_1)
FNDA:4,(anonymous_2)
DA:4,14
DA:5,2
DA:7,12
DA:8,2
DA:10,10
DA:11,2
DA:14,8
DA:15,8
DA:16,8
DA:17,8
DA:21,3
DA:22,2
DA:25,1
DA:29,4
DA:30,2
DA:32,2
DA:33,1
DA:36,1
DA:40,1
LF:19
LH:19
BRDA:4,0,0,2
BRDA:4,0,1,12
BRDA:4,1,0,14
BRDA:4,1,1,13
BRDA:7,2,0,2
BRDA:7,2,1,10
BRDA:7,3,0,12
BRDA:7,3,1,11
BRDA:10,4,0,2
BRDA:10,4,1,8
BRDA:10,5,0,10
BRDA:10,5,1,9
BRDA:21,6,0,2
BRDA:21,6,1,1
BRDA:21,7,0,3
BRDA:21,7,1,2
BRDA:29,8,0,2
BRDA:29,8,1,2
BRDA:29,9,0,4
BRDA:29,9,1,3
BRDA:32,10,0,1
BRDA:32,10,1,1
BRF:22
BRH:22
end_of_record
